<?xml version="1.0" encoding="UTF-8"?>
<!-- Generated by org.testng.reporters.JUnitReportReporter -->
<testsuite hostname="CDC2-D-C8W32S2" name="SeleniumDemo.childparentdemo" tests="1" failures="0" timestamp="29 Jul 2019 03:44:10 GMT" time="21.137" errors="0">
  <testcase name="test" time="21.137" classname="SeleniumDemo.childparentdemo"/>
</testsuite> <!-- SeleniumDemo.childparentdemo -->
