<?xml version="1.0" encoding="UTF-8"?>
<!-- Generated by org.testng.reporters.JUnitReportReporter -->
<testsuite hostname="CDC2-D-C8W32S2" name="SeleniumDemo.Googledemo1" tests="1" failures="0" timestamp="30 Jul 2019 06:56:23 GMT" time="2.531" errors="0">
  <testcase name="search" time="2.531" classname="SeleniumDemo.Googledemo1"/>
</testsuite> <!-- SeleniumDemo.Googledemo1 -->
