<?xml version="1.0" encoding="UTF-8"?>
<!-- Generated by org.testng.reporters.JUnitReportReporter -->
<testsuite hostname="CDC2-D-C8W32S2" name="FirstDemo" tests="1" failures="0" timestamp="29 Jul 2019 05:19:47 GMT" time="11.550" errors="0">
  <testcase name="App" time="11.550" classname="FirstDemo"/>
</testsuite> <!-- FirstDemo -->
