<?xml version="1.0" encoding="UTF-8"?>
<!-- Generated by org.testng.reporters.JUnitReportReporter -->
<testsuite hostname="CDC2-D-C8W32S2" name="SeleniumDemo.Ajaxprotocol" tests="1" failures="0" timestamp="31 Jul 2019 06:07:12 GMT" time="16.661" errors="0">
  <testcase name="f" time="16.661" classname="SeleniumDemo.Ajaxprotocol"/>
</testsuite> <!-- SeleniumDemo.Ajaxprotocol -->
