<?xml version="1.0" encoding="UTF-8"?>
<!-- Generated by org.testng.reporters.JUnitReportReporter -->
<testsuite hostname="CDC2-D-C8W32S2" name="SeleniumDemo.SeleniumExcel" tests="1" failures="0" timestamp="31 Jul 2019 07:07:18 GMT" time="0.750" errors="0">
  <testcase name="Supri" time="0.750" classname="SeleniumDemo.SeleniumExcel"/>
</testsuite> <!-- SeleniumDemo.SeleniumExcel -->
