<?xml version="1.0" encoding="UTF-8"?>
<!-- Generated by org.testng.reporters.JUnitReportReporter -->
<testsuite hostname="CDC2-D-C8W32S2" name="SeleniumDemo.Testmeapp" tests="1" failures="0" timestamp="2 Aug 2019 04:30:53 GMT" time="16.589" errors="0">
  <testcase name="f" time="16.589" classname="SeleniumDemo.Testmeapp"/>
</testsuite> <!-- SeleniumDemo.Testmeapp -->
