<?xml version="1.0" encoding="UTF-8"?>
<!-- Generated by org.testng.reporters.JUnitReportReporter -->
<testsuite hostname="CDC2-D-C8W32S2" name="SeleniumDemo.Robotclassdemo" tests="1" failures="0" timestamp="2 Aug 2019 05:17:41 GMT" time="19.951" errors="0">
  <testcase name="f" time="19.951" classname="SeleniumDemo.Robotclassdemo"/>
</testsuite> <!-- SeleniumDemo.Robotclassdemo -->
